2025-12-13 00:18:41: 
2025-12-13 00:18:41: > @webbox/admin-service@0.1.0 dev
2025-12-13 00:18:41: > next dev -p 3003
2025-12-13 00:18:41: 
2025-12-13 00:18:43: [?25h
2025-12-13 00:18:43: 
2025-12-13 00:18:43: 
2025-12-13 00:18:43: > @webbox/admin-service@0.1.0 dev
2025-12-13 00:18:43: > next dev -p 3003
2025-12-13 00:18:43: 
2025-12-13 00:18:44: [?25h
2025-12-13 00:18:44: 
2025-12-13 00:18:44: > @webbox/admin-service@0.1.0 dev
2025-12-13 00:18:44: > next dev -p 3003
2025-12-13 00:18:44: 
2025-12-13 00:18:45: [?25h
2025-12-13 00:18:45: 
2025-12-13 00:18:45: 
2025-12-13 00:18:45: > @webbox/admin-service@0.1.0 dev
2025-12-13 00:18:45: > next dev -p 3003
2025-12-13 00:18:45: 
2025-12-13 00:18:46: [?25h
2025-12-13 00:18:46: 
2025-12-13 00:18:47: 
2025-12-13 00:18:47: > @webbox/admin-service@0.1.0 dev
2025-12-13 00:18:47: > next dev -p 3003
2025-12-13 00:18:47: 
2025-12-13 00:18:47: [?25h
2025-12-13 00:18:47: 
2025-12-13 00:18:48: 
2025-12-13 00:18:48: > @webbox/admin-service@0.1.0 dev
2025-12-13 00:18:48: > next dev -p 3003
2025-12-13 00:18:48: 
2025-12-13 00:18:49: [?25h
2025-12-13 00:18:49: 
2025-12-13 00:18:50: 
2025-12-13 00:18:50: > @webbox/admin-service@0.1.0 dev
2025-12-13 00:18:50: > next dev -p 3003
2025-12-13 00:18:50: 
2025-12-13 00:18:51: [?25h
2025-12-13 00:18:51: 
2025-12-13 00:18:52: 
2025-12-13 00:18:52: > @webbox/admin-service@0.1.0 dev
2025-12-13 00:18:52: > next dev -p 3003
2025-12-13 00:18:52: 
2025-12-13 00:18:53: [?25h
2025-12-13 00:18:53: 
2025-12-13 00:18:55: 
2025-12-13 00:18:55: > @webbox/admin-service@0.1.0 dev
2025-12-13 00:18:55: > next dev -p 3003
2025-12-13 00:18:55: 
2025-12-13 00:18:56: [?25h
2025-12-13 00:18:56: 
2025-12-13 00:18:58: 
2025-12-13 00:18:58: > @webbox/admin-service@0.1.0 dev
2025-12-13 00:18:58: > next dev -p 3003
2025-12-13 00:18:58: 
2025-12-13 00:18:59: [?25h
2025-12-13 00:18:59: 
2025-12-13 00:22:20: 
2025-12-13 00:22:20: > @webbox/admin-service@0.1.0 dev
2025-12-13 00:22:20: > next dev -p 3003
2025-12-13 00:22:20: 
2025-12-13 00:22:21:    ▲ Next.js 16.0.10 (Turbopack)
2025-12-13 00:22:21:    - Local:         http://localhost:3003
2025-12-13 00:22:21:    - Network:       http://192.168.0.2:3003
2025-12-13 00:22:21:    - Environments: .env.local
2025-12-13 00:22:21: 
2025-12-13 00:22:21:  ✓ Starting...
2025-12-13 00:22:21:  ✓ Ready in 929ms
2025-12-13 00:23:44:  ○ Compiling /login ...
2025-12-13 00:23:46:  GET /login?from=%2F 200 in 4.8s (compile: 4.5s, proxy.ts: 8ms, render: 277ms)
2025-12-13 00:25:50: 
2025-12-13 00:25:50: > @webbox/admin-service@0.1.0 dev
2025-12-13 00:25:50: > next dev -p 3003
2025-12-13 00:25:50: 
2025-12-13 00:25:51:    ▲ Next.js 16.0.10 (Turbopack)
2025-12-13 00:25:51:    - Local:         http://localhost:3003
2025-12-13 00:25:51:    - Network:       http://192.168.0.2:3003
2025-12-13 00:25:51:    - Environments: .env.local
2025-12-13 00:25:51: 
2025-12-13 00:25:51:  ✓ Starting...
2025-12-13 00:25:51:  ✓ Ready in 664ms
2025-12-13 00:25:55: [?25h
2025-12-13 00:25:55: 
2025-12-13 00:25:56: 
2025-12-13 00:25:56: > @webbox/admin-service@0.1.0 dev
2025-12-13 00:25:56: > next dev -p 3003
2025-12-13 00:25:56: 
2025-12-13 00:25:57:    ▲ Next.js 16.0.10 (Turbopack)
2025-12-13 00:25:57:    - Local:         http://localhost:3003
2025-12-13 00:25:57:    - Network:       http://192.168.0.2:3003
2025-12-13 00:25:57:    - Environments: .env.local
2025-12-13 00:25:57: 
2025-12-13 00:25:57:  ✓ Starting...
2025-12-13 00:25:58:  ✓ Ready in 774ms
2025-12-13 00:26:01:  ○ Compiling /login ...
2025-12-13 00:26:03:  GET /login?from=%2F 200 in 5.3s (compile: 5.0s, proxy.ts: 3ms, render: 337ms)
2025-12-13 00:26:03:  GET / 200 in 4.3s (compile: 3.9s, proxy.ts: 6ms, render: 382ms)
2025-12-13 00:26:05: [API Proxy] GET http://localhost:3002/api/admin/domains?limit=1000
2025-12-13 00:26:05: [API Proxy] GET http://localhost:3002/api/admin/routes?limit=10000
2025-12-13 00:26:05: [API Proxy] GET http://localhost:3002/api/admin/custom-templates?limit=10000
2025-12-13 00:26:05: [API Proxy] GET http://localhost:3002/api/admin/menus
2025-12-13 00:26:05: [API Proxy] GET http://localhost:3002/api/admin/menus -> 200
2025-12-13 00:26:05:  GET /api/admin/menus 200 in 789ms (compile: 747ms, render: 42ms)
2025-12-13 00:26:05: [API Proxy] GET http://localhost:3002/api/admin/domains?limit=1000 -> 200
2025-12-13 00:26:05:  GET /api/admin/domains?limit=1000 200 in 797ms (compile: 753ms, render: 44ms)
2025-12-13 00:26:05: [API Proxy] GET http://localhost:3002/api/admin/routes?limit=10000 -> 200
2025-12-13 00:26:05:  GET /api/admin/routes?limit=10000 200 in 795ms (compile: 749ms, render: 46ms)
2025-12-13 00:26:05: [API Proxy] GET http://localhost:3002/api/admin/domains?limit=1000
2025-12-13 00:26:05: [API Proxy] GET http://localhost:3002/api/admin/routes?limit=10000
2025-12-13 00:26:05: [API Proxy] GET http://localhost:3002/api/admin/custom-templates?limit=10000 -> 200
2025-12-13 00:26:05:  GET /api/admin/custom-templates?limit=10000 200 in 812ms (compile: 749ms, render: 64ms)
2025-12-13 00:26:05: [API Proxy] GET http://localhost:3002/api/admin/domains?limit=1000 -> 200
2025-12-13 00:26:05:  GET /api/admin/domains?limit=1000 200 in 16ms (compile: 4ms, render: 13ms)
2025-12-13 00:26:05: [API Proxy] GET http://localhost:3002/api/admin/routes?limit=10000 -> 200
2025-12-13 00:26:05:  GET /api/admin/routes?limit=10000 200 in 19ms (compile: 7ms, render: 12ms)
2025-12-13 00:26:05: [API Proxy] GET http://localhost:3002/api/admin/custom-templates?limit=10000
2025-12-13 00:26:05: [API Proxy] GET http://localhost:3002/api/admin/domains?limit=1000
2025-12-13 00:26:05: [API Proxy] GET http://localhost:3002/api/admin/routes?limit=10000
2025-12-13 00:26:05: [API Proxy] GET http://localhost:3002/api/admin/custom-templates?limit=10000 -> 200
2025-12-13 00:26:05:  GET /api/admin/custom-templates?limit=10000 200 in 16ms (compile: 1914µs, render: 14ms)
2025-12-13 00:26:05: [API Proxy] GET http://localhost:3002/api/admin/domains?limit=1000 -> 200
2025-12-13 00:26:05:  GET /api/admin/domains?limit=1000 200 in 18ms (compile: 7ms, render: 11ms)
2025-12-13 00:26:05: [API Proxy] GET http://localhost:3002/api/admin/routes?limit=10000 -> 200
2025-12-13 00:26:05:  GET /api/admin/routes?limit=10000 200 in 18ms (compile: 5ms, render: 12ms)
2025-12-13 00:26:05: [API Proxy] GET http://localhost:3002/api/admin/custom-templates?limit=10000
2025-12-13 00:26:05: [API Proxy] GET http://localhost:3002/api/admin/domains?limit=1000
2025-12-13 00:26:05: [API Proxy] GET http://localhost:3002/api/admin/routes?limit=10000
2025-12-13 00:26:05: [API Proxy] GET http://localhost:3002/api/admin/custom-templates?limit=10000 -> 200
2025-12-13 00:26:05:  GET /api/admin/custom-templates?limit=10000 200 in 17ms (compile: 1642µs, render: 16ms)
2025-12-13 00:26:05: [API Proxy] GET http://localhost:3002/api/admin/domains?limit=1000 -> 200
2025-12-13 00:26:05:  GET /api/admin/domains?limit=1000 200 in 19ms (compile: 7ms, render: 13ms)
2025-12-13 00:26:05: [API Proxy] GET http://localhost:3002/api/admin/routes?limit=10000 -> 200
2025-12-13 00:26:05:  GET /api/admin/routes?limit=10000 200 in 19ms (compile: 9ms, render: 9ms)
2025-12-13 00:26:05: [API Proxy] GET http://localhost:3002/api/admin/custom-templates?limit=10000
2025-12-13 00:26:05: [API Proxy] GET http://localhost:3002/api/admin/custom-templates?limit=10000 -> 200
2025-12-13 00:26:05:  GET /api/admin/custom-templates?limit=10000 200 in 13ms (compile: 2ms, render: 11ms)
2025-12-13 00:26:08:  GET /users 500 in 1589ms (compile: 1472ms, proxy.ts: 4ms, render: 113ms)
2025-12-13 00:26:08:  GET /users 500 in 13ms (compile: 5ms, proxy.ts: 2ms, render: 6ms)
2025-12-13 00:26:47:  GET /users 500 in 44ms (compile: 25ms, proxy.ts: 8ms, render: 11ms)
2025-12-13 00:26:48:  GET /users 500 in 15ms (compile: 6ms, proxy.ts: 2ms, render: 6ms)
2025-12-13 00:26:49:  GET /users 500 in 20ms (compile: 6ms, proxy.ts: 4ms, render: 10ms)
2025-12-13 00:26:49:  GET /users 500 in 16ms (compile: 5ms, proxy.ts: 3ms, render: 8ms)
2025-12-13 00:26:49:  GET /users 500 in 19ms (compile: 10ms, proxy.ts: 3ms, render: 6ms)
2025-12-13 00:26:49:  GET /users 500 in 26ms (compile: 8ms, proxy.ts: 5ms, render: 14ms)
2025-12-13 00:36:10:  GET /users 500 in 804ms (compile: 779ms, proxy.ts: 12ms, render: 12ms)
2025-12-13 00:39:58:  ✓ Compiled in 524ms
2025-12-13 00:39:58:  ✓ Compiled in 117ms
2025-12-13 00:40:01:  GET /users 200 in 2.5s (compile: 1513ms, proxy.ts: 14ms, render: 1009ms)
2025-12-13 00:40:02: [API Proxy] GET http://localhost:3002/api/admin/menus
2025-12-13 00:40:02: [API Proxy] GET http://localhost:3002/api/admin/users?page=1&limit=10
2025-12-13 00:40:02: [API Proxy] GET http://localhost:3002/api/admin/menus -> 200
2025-12-13 00:40:02:  GET /api/admin/menus 200 in 71ms (compile: 17ms, render: 53ms)
2025-12-13 00:40:02: [API Proxy] GET http://localhost:3002/api/admin/users?page=1&limit=10 -> 200
2025-12-13 00:40:02:  GET /api/admin/users?page=1&limit=10 200 in 107ms (compile: 40ms, render: 67ms)
2025-12-13 00:40:02: [API Proxy] GET http://localhost:3002/api/admin/users?page=1&limit=10
2025-12-13 00:40:02: [API Proxy] GET http://localhost:3002/api/admin/users?page=1&limit=10 -> 200
2025-12-13 00:40:02:  GET /api/admin/users?page=1&limit=10 200 in 58ms (compile: 7ms, render: 52ms)
2025-12-13 00:40:14:  ✓ Compiled in 153ms
2025-12-13 00:40:15:  GET /users 200 in 478ms (compile: 87ms, proxy.ts: 19ms, render: 372ms)
2025-12-13 00:40:16: [API Proxy] GET http://localhost:3002/api/admin/users?page=1&limit=10
2025-12-13 00:40:16: [API Proxy] GET http://localhost:3002/api/admin/menus
2025-12-13 00:40:16: [API Proxy] GET http://localhost:3002/api/admin/menus -> 200
2025-12-13 00:40:16:  GET /api/admin/menus 200 in 32ms (compile: 16ms, render: 16ms)
2025-12-13 00:40:16: [API Proxy] GET http://localhost:3002/api/admin/users?page=1&limit=10 -> 200
2025-12-13 00:40:16:  GET /api/admin/users?page=1&limit=10 200 in 36ms (compile: 4ms, render: 32ms)
2025-12-13 00:40:16: [API Proxy] GET http://localhost:3002/api/admin/users?page=1&limit=10
2025-12-13 00:40:16: [API Proxy] GET http://localhost:3002/api/admin/users?page=1&limit=10 -> 200
2025-12-13 00:40:16:  GET /api/admin/users?page=1&limit=10 200 in 10ms (compile: 1463µs, render: 8ms)
2025-12-13 00:40:22:  ✓ Compiled in 116ms
2025-12-13 00:41:22:  ✓ Compiled in 37ms
2025-12-13 00:42:07:  GET /users 200 in 471ms (compile: 89ms, proxy.ts: 22ms, render: 360ms)
2025-12-13 00:42:07: [API Proxy] GET http://localhost:3002/api/admin/users?page=1&limit=10
2025-12-13 00:42:07: [API Proxy] GET http://localhost:3002/api/admin/menus
2025-12-13 00:42:07: [API Proxy] GET http://localhost:3002/api/admin/menus -> 200
2025-12-13 00:42:07:  GET /api/admin/menus 200 in 28ms (compile: 12ms, render: 16ms)
2025-12-13 00:42:07: [API Proxy] GET http://localhost:3002/api/admin/users?page=1&limit=10 -> 200
2025-12-13 00:42:07:  GET /api/admin/users?page=1&limit=10 200 in 30ms (compile: 5ms, render: 25ms)
2025-12-13 00:42:08: [API Proxy] GET http://localhost:3002/api/admin/users?page=1&limit=10
2025-12-13 00:42:08: [API Proxy] GET http://localhost:3002/api/admin/users?page=1&limit=10 -> 200
2025-12-13 00:42:08:  GET /api/admin/users?page=1&limit=10 200 in 15ms (compile: 3ms, render: 11ms)
2025-12-13 00:42:18:  GET /users 200 in 50ms (compile: 5ms, proxy.ts: 4ms, render: 40ms)
2025-12-13 00:42:18: [API Proxy] GET http://localhost:3002/api/admin/users?page=1&limit=10
2025-12-13 00:42:18: [API Proxy] GET http://localhost:3002/api/admin/menus
2025-12-13 00:42:18: [API Proxy] GET http://localhost:3002/api/admin/menus -> 200
2025-12-13 00:42:18:  GET /api/admin/menus 200 in 23ms (compile: 15ms, render: 8ms)
2025-12-13 00:42:18: [API Proxy] GET http://localhost:3002/api/admin/users?page=1&limit=10 -> 200
2025-12-13 00:42:18:  GET /api/admin/users?page=1&limit=10 200 in 25ms (compile: 4ms, render: 22ms)
2025-12-13 00:42:18: [API Proxy] GET http://localhost:3002/api/admin/users?page=1&limit=10
2025-12-13 00:42:18: [API Proxy] GET http://localhost:3002/api/admin/users?page=1&limit=10 -> 200
2025-12-13 00:42:18:  GET /api/admin/users?page=1&limit=10 200 in 8ms (compile: 1229µs, render: 7ms)
2025-12-13 00:42:46:  GET /domains 200 in 998ms (compile: 973ms, proxy.ts: 8ms, render: 18ms)
2025-12-13 00:42:46: [API Proxy] GET http://localhost:3002/api/admin/domains?page=1&limit=10
2025-12-13 00:42:46: [API Proxy] GET http://localhost:3002/api/admin/domains?page=1&limit=10 -> 200
2025-12-13 00:42:46:  GET /api/admin/domains?page=1&limit=10 200 in 30ms (compile: 8ms, render: 21ms)
2025-12-13 00:42:46: [API Proxy] GET http://localhost:3002/api/admin/domains?page=1&limit=10
2025-12-13 00:42:46: [API Proxy] GET http://localhost:3002/api/admin/domains?page=1&limit=10 -> 200
2025-12-13 00:42:46:  GET /api/admin/domains?page=1&limit=10 200 in 12ms (compile: 3ms, render: 9ms)
2025-12-13 00:42:48: [API Proxy] GET http://localhost:3002/api/admin/routes?limit=10000
2025-12-13 00:42:48: [API Proxy] GET http://localhost:3002/api/admin/custom-templates?limit=10000
2025-12-13 00:42:48: [API Proxy] GET http://localhost:3002/api/admin/routes?limit=10000 -> 200
2025-12-13 00:42:48:  GET /api/admin/routes?limit=10000 200 in 14ms (compile: 3ms, render: 11ms)
2025-12-13 00:42:48: [API Proxy] GET http://localhost:3002/api/admin/custom-templates?limit=10000 -> 200
2025-12-13 00:42:48:  GET /api/admin/custom-templates?limit=10000 200 in 16ms (compile: 6ms, render: 10ms)
2025-12-13 00:42:53:  GET /routes 200 in 605ms (compile: 590ms, proxy.ts: 4ms, render: 11ms)
2025-12-13 00:42:53: [API Proxy] GET http://localhost:3002/api/admin/routes?page=1&limit=10
2025-12-13 00:42:53: [API Proxy] GET http://localhost:3002/api/admin/routes?page=1&limit=10 -> 200
2025-12-13 00:42:53:  GET /api/admin/routes?page=1&limit=10 200 in 43ms (compile: 9ms, render: 34ms)
2025-12-13 00:42:53: [API Proxy] GET http://localhost:3002/api/admin/routes?page=1&limit=10
2025-12-13 00:42:53: [API Proxy] GET http://localhost:3002/api/admin/routes?page=1&limit=10 -> 200
2025-12-13 00:42:53:  GET /api/admin/routes?page=1&limit=10 200 in 17ms (compile: 2ms, render: 15ms)
2025-12-13 00:42:54: [API Proxy] GET http://localhost:3002/api/admin/domains/options
2025-12-13 00:42:54: [API Proxy] GET http://localhost:3002/api/admin/domains/options -> 200
2025-12-13 00:42:54:  GET /api/admin/domains/options 200 in 17ms (compile: 4ms, render: 13ms)
2025-12-13 00:43:02: [API Proxy] GET http://localhost:3002/api/admin/domains/options
2025-12-13 00:43:02: [API Proxy] GET http://localhost:3002/api/admin/domains/options -> 200
2025-12-13 00:43:02:  GET /api/admin/domains/options 200 in 11ms (compile: 3ms, render: 8ms)
2025-12-13 00:43:06:  GET /routes 200 in 47ms (compile: 3ms, proxy.ts: 5ms, render: 38ms)
2025-12-13 00:43:06: [API Proxy] GET http://localhost:3002/api/admin/routes?page=1&limit=10
2025-12-13 00:43:06: [API Proxy] GET http://localhost:3002/api/admin/menus
2025-12-13 00:43:06: [API Proxy] GET http://localhost:3002/api/admin/routes?page=1&limit=10 -> 200
2025-12-13 00:43:06:  GET /api/admin/routes?page=1&limit=10 200 in 28ms (compile: 3ms, render: 24ms)
2025-12-13 00:43:06: [API Proxy] GET http://localhost:3002/api/admin/menus -> 200
2025-12-13 00:43:06:  GET /api/admin/menus 200 in 32ms (compile: 16ms, render: 16ms)
2025-12-13 00:43:06: [API Proxy] GET http://localhost:3002/api/admin/routes?page=1&limit=10
2025-12-13 00:43:06: [API Proxy] GET http://localhost:3002/api/admin/routes?page=1&limit=10 -> 200
2025-12-13 00:43:06:  GET /api/admin/routes?page=1&limit=10 200 in 10ms (compile: 1402µs, render: 8ms)
2025-12-13 00:43:07: [API Proxy] GET http://localhost:3002/api/admin/domains/options
2025-12-13 00:43:07: [API Proxy] GET http://localhost:3002/api/admin/domains/options -> 200
2025-12-13 00:43:07:  GET /api/admin/domains/options 200 in 14ms (compile: 5ms, render: 10ms)
2025-12-13 00:43:26:  ✓ Compiled in 8ms
2025-12-13 00:43:49: [API Proxy] GET http://localhost:3002/api/admin/domains/options
2025-12-13 00:43:49: [API Proxy] GET http://localhost:3002/api/admin/domains/options -> 200
2025-12-13 00:43:49:  GET /api/admin/domains/options 200 in 63ms (compile: 36ms, render: 28ms)
2025-12-13 00:43:51: [API Proxy] GET http://localhost:3002/api/admin/domains/options
2025-12-13 00:43:51: [API Proxy] GET http://localhost:3002/api/admin/domains/options -> 200
2025-12-13 00:43:51:  GET /api/admin/domains/options 200 in 12ms (compile: 4ms, render: 8ms)
2025-12-13 00:44:17:  ✓ Compiled in 40ms
2025-12-13 00:44:26:  GET /routes 200 in 598ms (compile: 183ms, proxy.ts: 15ms, render: 400ms)
2025-12-13 00:44:27: [API Proxy] GET http://localhost:3002/api/admin/menus
2025-12-13 00:44:27: [API Proxy] GET http://localhost:3002/api/admin/routes?page=1&limit=10
2025-12-13 00:44:27: [API Proxy] GET http://localhost:3002/api/admin/menus -> 200
2025-12-13 00:44:27:  GET /api/admin/menus 200 in 25ms (compile: 4ms, render: 21ms)
2025-12-13 00:44:27: [API Proxy] GET http://localhost:3002/api/admin/routes?page=1&limit=10 -> 200
2025-12-13 00:44:27:  GET /api/admin/routes?page=1&limit=10 200 in 32ms (compile: 11ms, render: 20ms)
2025-12-13 00:44:27: [API Proxy] GET http://localhost:3002/api/admin/routes?page=1&limit=10
2025-12-13 00:44:27: [API Proxy] GET http://localhost:3002/api/admin/routes?page=1&limit=10 -> 200
2025-12-13 00:44:27:  GET /api/admin/routes?page=1&limit=10 200 in 18ms (compile: 5ms, render: 12ms)
2025-12-13 00:44:27: [API Proxy] GET http://localhost:3002/api/admin/domains/options
2025-12-13 00:44:27: [API Proxy] GET http://localhost:3002/api/admin/domains/options -> 200
2025-12-13 00:44:27:  GET /api/admin/domains/options 200 in 11ms (compile: 3ms, render: 8ms)
2025-12-13 00:46:03:  ✓ Compiled in 102ms
2025-12-13 00:46:12:  GET /routes 200 in 526ms (compile: 109ms, proxy.ts: 13ms, render: 405ms)
2025-12-13 00:46:12: [API Proxy] GET http://localhost:3002/api/admin/routes?page=1&limit=10
2025-12-13 00:46:12: [API Proxy] GET http://localhost:3002/api/admin/menus
2025-12-13 00:46:12: [API Proxy] GET http://localhost:3002/api/admin/menus -> 200
2025-12-13 00:46:12:  GET /api/admin/menus 200 in 39ms (compile: 22ms, render: 17ms)
2025-12-13 00:46:12: [API Proxy] GET http://localhost:3002/api/admin/routes?page=1&limit=10 -> 200
2025-12-13 00:46:12:  GET /api/admin/routes?page=1&limit=10 200 in 46ms (compile: 6ms, render: 40ms)
2025-12-13 00:46:12: [API Proxy] GET http://localhost:3002/api/admin/routes?page=1&limit=10
2025-12-13 00:46:12: [API Proxy] GET http://localhost:3002/api/admin/routes?page=1&limit=10 -> 200
2025-12-13 00:46:12:  GET /api/admin/routes?page=1&limit=10 200 in 10ms (compile: 1168µs, render: 8ms)
2025-12-13 00:46:13: [API Proxy] GET http://localhost:3002/api/admin/domains/options
2025-12-13 00:46:13: [API Proxy] GET http://localhost:3002/api/admin/domains/options -> 200
2025-12-13 00:46:13:  GET /api/admin/domains/options 200 in 11ms (compile: 3ms, render: 8ms)
2025-12-13 00:46:15: [API Proxy] GET http://localhost:3002/api/admin/domains/options
2025-12-13 00:46:15: [API Proxy] GET http://localhost:3002/api/admin/domains/options -> 200
2025-12-13 00:46:15:  GET /api/admin/domains/options 200 in 12ms (compile: 3ms, render: 9ms)
2025-12-13 00:46:17:  GET /users 200 in 101ms (compile: 68ms, proxy.ts: 5ms, render: 28ms)
2025-12-13 00:46:17: [API Proxy] GET http://localhost:3002/api/admin/users?page=1&limit=10
2025-12-13 00:46:17: [API Proxy] GET http://localhost:3002/api/admin/users?page=1&limit=10 -> 200
2025-12-13 00:46:17:  GET /api/admin/users?page=1&limit=10 200 in 18ms (compile: 7ms, render: 11ms)
2025-12-13 00:46:17: [API Proxy] GET http://localhost:3002/api/admin/users?page=1&limit=10
2025-12-13 00:46:17: [API Proxy] GET http://localhost:3002/api/admin/users?page=1&limit=10 -> 200
2025-12-13 00:46:17:  GET /api/admin/users?page=1&limit=10 200 in 12ms (compile: 1228µs, render: 11ms)
2025-12-13 00:48:49:  ✓ Compiled in 149ms
2025-12-13 00:48:56:  ✓ Compiled in 4ms
2025-12-13 00:49:04:  ✓ Compiled in 195ms
2025-12-13 00:49:11:  ✓ Compiled in 161ms
2025-12-13 00:49:19:  GET /users 200 in 143ms (compile: 96ms, proxy.ts: 8ms, render: 39ms)
2025-12-13 00:49:19:  GET /users 200 in 22ms (compile: 2ms, proxy.ts: 2ms, render: 17ms)
2025-12-13 00:49:19:  GET /users 200 in 27ms (compile: 2ms, proxy.ts: 1860µs, render: 23ms)
2025-12-13 00:49:19:  GET /users 200 in 17ms (compile: 2ms, proxy.ts: 2ms, render: 12ms)
2025-12-13 00:49:19:  GET /users 200 in 46ms (compile: 5ms, proxy.ts: 3ms, render: 38ms)
2025-12-13 00:49:32: [API Proxy] GET http://localhost:3002/api/admin/users?page=1&limit=10
2025-12-13 00:49:32:  ✓ Compiled in 101ms
2025-12-13 00:49:32: [API Proxy] GET http://localhost:3002/api/admin/users?page=1&limit=10 -> 200
2025-12-13 00:49:32:  GET /api/admin/users?page=1&limit=10 200 in 48ms (compile: 7ms, render: 40ms)
2025-12-13 00:49:52: [API Proxy] GET http://localhost:3002/api/admin/users?page=1&limit=10
2025-12-13 00:49:52: [API Proxy] GET http://localhost:3002/api/admin/users?page=1&limit=10 -> 200
2025-12-13 00:49:52:  GET /api/admin/users?page=1&limit=10 200 in 23ms (compile: 5ms, render: 19ms)
2025-12-13 00:49:52:  ✓ Compiled in 107ms
2025-12-13 00:50:15:  ✓ Compiled in 117ms
2025-12-13 00:50:23:  ✓ Compiled in 86ms
2025-12-13 00:50:32:  ✓ Compiled in 23ms
2025-12-13 00:50:41:  ✓ Compiled in 6ms
2025-12-13 00:51:03:  ✓ Compiled in 125ms
2025-12-13 00:51:05:  ✓ Compiled in 76ms
2025-12-13 00:51:11:  ✓ Compiled in 81ms
2025-12-13 00:51:14:  ✓ Compiled in 83ms
2025-12-13 00:52:14:  ✓ Compiled in 116ms
2025-12-13 00:52:42:  ✓ Compiled in 168ms
2025-12-13 00:53:15:  GET /users 200 in 568ms (compile: 120ms, proxy.ts: 12ms, render: 436ms)
2025-12-13 00:53:15: [API Proxy] GET http://localhost:3002/api/admin/users?page=1&limit=10
2025-12-13 00:53:15: [API Proxy] GET http://localhost:3002/api/admin/menus
2025-12-13 00:53:15: [API Proxy] GET http://localhost:3002/api/admin/menus -> 200
2025-12-13 00:53:15:  GET /api/admin/menus 200 in 37ms (compile: 23ms, render: 15ms)
2025-12-13 00:53:15: [API Proxy] GET http://localhost:3002/api/admin/users?page=1&limit=10 -> 200
2025-12-13 00:53:15:  GET /api/admin/users?page=1&limit=10 200 in 40ms (compile: 13ms, render: 27ms)
2025-12-13 00:53:15: [API Proxy] GET http://localhost:3002/api/admin/users?page=1&limit=10
2025-12-13 00:53:15: [API Proxy] GET http://localhost:3002/api/admin/users?page=1&limit=10 -> 200
2025-12-13 00:53:15:  GET /api/admin/users?page=1&limit=10 200 in 13ms (compile: 3ms, render: 10ms)
2025-12-13 00:53:25:  GET /domains 200 in 216ms (compile: 189ms, proxy.ts: 5ms, render: 22ms)
2025-12-13 00:53:25: [API Proxy] GET http://localhost:3002/api/admin/domains?page=1&limit=10
2025-12-13 00:53:25: [API Proxy] GET http://localhost:3002/api/admin/domains?page=1&limit=10 -> 200
2025-12-13 00:53:25:  GET /api/admin/domains?page=1&limit=10 200 in 28ms (compile: 6ms, render: 21ms)
2025-12-13 00:53:25: [API Proxy] GET http://localhost:3002/api/admin/domains?page=1&limit=10
2025-12-13 00:53:25: [API Proxy] GET http://localhost:3002/api/admin/domains?page=1&limit=10 -> 200
2025-12-13 00:53:25:  GET /api/admin/domains?page=1&limit=10 200 in 17ms (compile: 1112µs, render: 16ms)
2025-12-13 00:53:26: [API Proxy] GET http://localhost:3002/api/admin/routes?limit=10000
2025-12-13 00:53:26: [API Proxy] GET http://localhost:3002/api/admin/custom-templates?limit=10000
2025-12-13 00:53:26: [API Proxy] GET http://localhost:3002/api/admin/routes?limit=10000 -> 200
2025-12-13 00:53:26:  GET /api/admin/routes?limit=10000 200 in 12ms (compile: 3ms, render: 9ms)
2025-12-13 00:53:26: [API Proxy] GET http://localhost:3002/api/admin/custom-templates?limit=10000 -> 200
2025-12-13 00:53:26:  GET /api/admin/custom-templates?limit=10000 200 in 13ms (compile: 5ms, render: 8ms)
2025-12-13 00:54:34:  ✓ Compiled in 1613ms
2025-12-13 00:54:38:  ✓ Compiled in 209ms
2025-12-13 00:54:39:  GET /domains 200 in 802ms (compile: 366ms, proxy.ts: 26ms, render: 411ms)
2025-12-13 00:54:39:  GET /domains 200 in 724ms (compile: 266ms, proxy.ts: 1790µs, render: 456ms)
2025-12-13 00:54:39: [API Proxy] GET http://localhost:3002/api/admin/domains?page=1&limit=10
2025-12-13 00:54:40: [API Proxy] GET http://localhost:3002/api/admin/menus
2025-12-13 00:54:40: [API Proxy] GET http://localhost:3002/api/admin/menus -> 200
2025-12-13 00:54:40:  GET /api/admin/menus 200 in 72ms (compile: 31ms, render: 41ms)
2025-12-13 00:54:40: [API Proxy] GET http://localhost:3002/api/admin/domains?page=1&limit=10 -> 200
2025-12-13 00:54:40:  GET /api/admin/domains?page=1&limit=10 200 in 76ms (compile: 13ms, render: 62ms)
2025-12-13 00:54:40: [API Proxy] GET http://localhost:3002/api/admin/domains?page=1&limit=10
2025-12-13 00:54:40: [API Proxy] GET http://localhost:3002/api/admin/domains?page=1&limit=10 -> 200
2025-12-13 00:54:40:  GET /api/admin/domains?page=1&limit=10 200 in 19ms (compile: 5ms, render: 14ms)
2025-12-13 00:56:28:  GET /domains 200 in 204ms (compile: 123ms, proxy.ts: 47ms, render: 33ms)
2025-12-13 00:56:28:  GET /domains 200 in 14ms (compile: 1510µs, proxy.ts: 1581µs, render: 11ms)
2025-12-13 00:56:28:  GET /domains 200 in 15ms (compile: 3ms, proxy.ts: 1467µs, render: 11ms)
2025-12-13 00:56:28:  GET /domains 200 in 20ms (compile: 3ms, proxy.ts: 1817µs, render: 15ms)
2025-12-13 00:56:28:  GET /domains 200 in 17ms (compile: 1370µs, proxy.ts: 1583µs, render: 14ms)
2025-12-13 00:56:28:  GET /domains 200 in 22ms (compile: 1377µs, proxy.ts: 1601µs, render: 19ms)
2025-12-13 00:56:28:  GET /domains 200 in 26ms (compile: 2ms, proxy.ts: 4ms, render: 20ms)
2025-12-13 00:56:28:  GET /domains 200 in 45ms (compile: 5ms, proxy.ts: 4ms, render: 36ms)
2025-12-13 00:56:28:  GET /domains 200 in 21ms (compile: 4ms, proxy.ts: 1577µs, render: 15ms)
2025-12-13 00:56:28:  GET /domains 200 in 16ms (compile: 1550µs, proxy.ts: 1739µs, render: 13ms)
2025-12-13 00:56:28:  GET /domains 200 in 14ms (compile: 1276µs, proxy.ts: 1314µs, render: 11ms)
2025-12-13 00:56:28:  GET /domains 200 in 14ms (compile: 1578µs, proxy.ts: 1560µs, render: 11ms)
2025-12-13 00:56:28:  GET /domains 200 in 17ms (compile: 1595µs, proxy.ts: 1803µs, render: 13ms)
2025-12-13 00:56:28:  GET /domains 200 in 13ms (compile: 1196µs, proxy.ts: 1352µs, render: 11ms)
2025-12-13 00:56:28:  GET /domains 200 in 16ms (compile: 1336µs, proxy.ts: 1648µs, render: 13ms)
2025-12-13 00:56:28:  GET /domains 200 in 23ms (compile: 3ms, proxy.ts: 1875µs, render: 18ms)
2025-12-13 00:56:28:  GET /domains 200 in 15ms (compile: 1725µs, proxy.ts: 2ms, render: 11ms)
2025-12-13 00:56:28:  GET /domains 200 in 18ms (compile: 1985µs, proxy.ts: 2ms, render: 14ms)
2025-12-13 00:56:28:  GET /domains 200 in 14ms (compile: 1587µs, proxy.ts: 1484µs, render: 11ms)
2025-12-13 00:56:28:  GET /domains 200 in 20ms (compile: 1873µs, proxy.ts: 1663µs, render: 16ms)
2025-12-13 00:56:28:  GET /domains 200 in 13ms (compile: 1760µs, proxy.ts: 1716µs, render: 10ms)
2025-12-13 00:56:28:  GET /domains 200 in 16ms (compile: 1990µs, proxy.ts: 1693µs, render: 12ms)
2025-12-13 00:56:28:  GET /domains 200 in 20ms (compile: 2ms, proxy.ts: 5ms, render: 12ms)
2025-12-13 00:56:28:  GET /domains 200 in 22ms (compile: 8ms, proxy.ts: 1601µs, render: 12ms)
2025-12-13 00:56:28:  GET /domains 200 in 14ms (compile: 1617µs, proxy.ts: 1735µs, render: 11ms)
2025-12-13 00:56:28:  GET /domains 200 in 18ms (compile: 2ms, proxy.ts: 2ms, render: 13ms)
2025-12-13 00:56:28:  GET /domains 200 in 16ms (compile: 1690µs, proxy.ts: 1761µs, render: 12ms)
2025-12-13 00:56:28:  GET /domains 200 in 15ms (compile: 1568µs, proxy.ts: 1537µs, render: 12ms)
2025-12-13 00:56:28:  GET /domains 200 in 18ms (compile: 3ms, proxy.ts: 1664µs, render: 13ms)
2025-12-13 00:56:28:  GET /domains 200 in 15ms (compile: 1875µs, proxy.ts: 1726µs, render: 12ms)
2025-12-13 00:56:28:  GET /domains 200 in 17ms (compile: 4ms, proxy.ts: 1523µs, render: 11ms)
2025-12-13 00:56:28:  GET /domains 200 in 14ms (compile: 1497µs, proxy.ts: 1635µs, render: 11ms)
2025-12-13 00:56:40:  GET /domains 200 in 183ms (compile: 99ms, proxy.ts: 56ms, render: 28ms)
2025-12-13 00:56:40:  GET /domains 200 in 18ms (compile: 1638µs, proxy.ts: 7ms, render: 10ms)
2025-12-13 00:56:40:  GET /domains 200 in 15ms (compile: 1715µs, proxy.ts: 1941µs, render: 11ms)
2025-12-13 00:56:40:  GET /domains 200 in 17ms (compile: 1775µs, proxy.ts: 1700µs, render: 13ms)
2025-12-13 00:56:40:  GET /domains 200 in 29ms (compile: 2ms, proxy.ts: 1773µs, render: 25ms)
2025-12-13 00:56:40:  GET /domains 200 in 101ms (compile: 21ms, proxy.ts: 2ms, render: 78ms)
2025-12-13 00:56:40:  GET /domains 200 in 79ms (compile: 19ms, proxy.ts: 3ms, render: 57ms)
2025-12-13 00:56:40:  GET /domains 200 in 16ms (compile: 3ms, proxy.ts: 1927µs, render: 12ms)
2025-12-13 00:56:40:  GET /domains 200 in 37ms (compile: 1748µs, proxy.ts: 1882µs, render: 34ms)
2025-12-13 00:56:40:  GET /domains 200 in 44ms (compile: 3ms, proxy.ts: 1877µs, render: 40ms)
2025-12-13 00:56:40:  GET /domains 200 in 32ms (compile: 5ms, proxy.ts: 3ms, render: 25ms)
2025-12-13 00:56:40:  GET /domains 200 in 44ms (compile: 3ms, proxy.ts: 2ms, render: 39ms)
2025-12-13 00:56:40:  GET /domains 200 in 17ms (compile: 3ms, proxy.ts: 1620µs, render: 12ms)
2025-12-13 00:56:40:  GET /domains 200 in 14ms (compile: 1585µs, proxy.ts: 1820µs, render: 10ms)
2025-12-13 00:56:40:  GET /domains 200 in 14ms (compile: 1366µs, proxy.ts: 1471µs, render: 11ms)
2025-12-13 00:56:40:  GET /domains 200 in 15ms (compile: 1324µs, proxy.ts: 1666µs, render: 12ms)
2025-12-13 00:56:40:  GET /domains 200 in 14ms (compile: 1642µs, proxy.ts: 1962µs, render: 10ms)
2025-12-13 00:56:41:  GET /domains 200 in 17ms (compile: 1435µs, proxy.ts: 1517µs, render: 14ms)
2025-12-13 00:56:41:  GET /domains 200 in 12ms (compile: 1447µs, proxy.ts: 1358µs, render: 10ms)
2025-12-13 00:56:41:  GET /domains 200 in 13ms (compile: 1420µs, proxy.ts: 1479µs, render: 10ms)
2025-12-13 00:56:41:  GET /domains 200 in 15ms (compile: 1334µs, proxy.ts: 1428µs, render: 12ms)
2025-12-13 00:56:41:  GET /domains 200 in 25ms (compile: 4ms, proxy.ts: 2ms, render: 18ms)
2025-12-13 00:56:41:  GET /domains 200 in 12ms (compile: 1492µs, proxy.ts: 1646µs, render: 9ms)
2025-12-13 00:56:41:  GET /domains 200 in 18ms (compile: 1524µs, proxy.ts: 1412µs, render: 15ms)
2025-12-13 00:56:41:  GET /domains 200 in 15ms (compile: 1631µs, proxy.ts: 1662µs, render: 11ms)
2025-12-13 00:56:41:  GET /domains 200 in 13ms (compile: 1436µs, proxy.ts: 1918µs, render: 10ms)
2025-12-13 00:56:41:  GET /domains 200 in 16ms (compile: 1418µs, proxy.ts: 1488µs, render: 13ms)
2025-12-13 00:56:41:  GET /domains 200 in 12ms (compile: 1451µs, proxy.ts: 1525µs, render: 9ms)
2025-12-13 00:56:44:  GET /domains 200 in 126ms (compile: 97ms, proxy.ts: 8ms, render: 21ms)
2025-12-13 00:56:44:  GET /domains 200 in 14ms (compile: 1423µs, proxy.ts: 1893µs, render: 11ms)
2025-12-13 00:56:44:  GET /domains 200 in 12ms (compile: 1448µs, proxy.ts: 1695µs, render: 9ms)
2025-12-13 00:56:44:  GET /domains 200 in 14ms (compile: 1295µs, proxy.ts: 1374µs, render: 11ms)
2025-12-13 00:56:44:  GET /domains 200 in 12ms (compile: 1265µs, proxy.ts: 1414µs, render: 9ms)
2025-12-13 00:56:44:  GET /domains 200 in 13ms (compile: 1404µs, proxy.ts: 1629µs, render: 10ms)
2025-12-13 00:56:44:  GET /domains 200 in 14ms (compile: 1357µs, proxy.ts: 1497µs, render: 11ms)
2025-12-13 00:56:44:  GET /domains 200 in 12ms (compile: 1320µs, proxy.ts: 1459µs, render: 9ms)
2025-12-13 00:56:44:  GET /domains 200 in 14ms (compile: 1663µs, proxy.ts: 1577µs, render: 10ms)
2025-12-13 00:56:44:  GET /domains 200 in 15ms (compile: 3ms, proxy.ts: 1419µs, render: 11ms)
2025-12-13 00:56:44:  GET /domains 200 in 13ms (compile: 1397µs, proxy.ts: 1366µs, render: 10ms)
2025-12-13 00:56:44:  GET /domains 200 in 15ms (compile: 1399µs, proxy.ts: 1473µs, render: 12ms)
2025-12-13 00:56:44:  GET /domains 200 in 12ms (compile: 1342µs, proxy.ts: 1515µs, render: 9ms)
2025-12-13 00:56:44:  GET /domains 200 in 12ms (compile: 1346µs, proxy.ts: 1657µs, render: 9ms)
2025-12-13 00:56:44:  GET /domains 200 in 15ms (compile: 1504µs, proxy.ts: 1361µs, render: 12ms)
2025-12-13 00:56:44:  GET /domains 200 in 13ms (compile: 1315µs, proxy.ts: 1568µs, render: 10ms)
2025-12-13 00:56:44:  GET /domains 200 in 14ms (compile: 1325µs, proxy.ts: 1703µs, render: 11ms)
2025-12-13 00:56:44:  GET /domains 200 in 16ms (compile: 4ms, proxy.ts: 2ms, render: 10ms)
2025-12-13 00:56:44:  GET /domains 200 in 13ms (compile: 1327µs, proxy.ts: 1467µs, render: 10ms)
2025-12-13 00:56:44:  GET /domains 200 in 15ms (compile: 1448µs, proxy.ts: 1516µs, render: 12ms)
2025-12-13 00:56:44:  GET /domains 200 in 14ms (compile: 1526µs, proxy.ts: 1650µs, render: 10ms)
2025-12-13 00:56:44:  GET /domains 200 in 13ms (compile: 1708µs, proxy.ts: 1676µs, render: 9ms)
2025-12-13 00:56:45:  GET /domains 200 in 16ms (compile: 1858µs, proxy.ts: 1715µs, render: 12ms)
2025-12-13 00:56:45:  GET /domains 200 in 14ms (compile: 1551µs, proxy.ts: 1617µs, render: 11ms)
2025-12-13 00:56:45:  GET /domains 200 in 14ms (compile: 1554µs, proxy.ts: 1505µs, render: 11ms)
2025-12-13 00:56:45:  GET /domains 200 in 17ms (compile: 5ms, proxy.ts: 1893µs, render: 10ms)
2025-12-13 00:56:47:  GET /domains 200 in 121ms (compile: 92ms, proxy.ts: 8ms, render: 22ms)
2025-12-13 00:56:47:  GET /domains 200 in 16ms (compile: 4ms, proxy.ts: 1468µs, render: 10ms)
2025-12-13 00:56:47:  GET /domains 200 in 16ms (compile: 1476µs, proxy.ts: 1775µs, render: 13ms)
2025-12-13 00:56:47:  GET /domains 200 in 26ms (compile: 2ms, proxy.ts: 2ms, render: 22ms)
2025-12-13 00:56:47:  GET /domains 200 in 13ms (compile: 1417µs, proxy.ts: 1480µs, render: 10ms)
2025-12-13 00:56:48:  GET /domains 200 in 13ms (compile: 1368µs, proxy.ts: 1491µs, render: 10ms)
2025-12-13 00:56:48:  GET /domains 200 in 14ms (compile: 1348µs, proxy.ts: 1669µs, render: 11ms)
2025-12-13 00:56:48:  GET /domains 200 in 14ms (compile: 1359µs, proxy.ts: 1422µs, render: 12ms)
2025-12-13 00:56:48:  GET /domains 200 in 14ms (compile: 1489µs, proxy.ts: 1574µs, render: 11ms)
2025-12-13 00:56:48:  GET /domains 200 in 16ms (compile: 1534µs, proxy.ts: 1519µs, render: 13ms)
2025-12-13 00:56:48:  GET /domains 200 in 13ms (compile: 1474µs, proxy.ts: 1640µs, render: 10ms)
2025-12-13 00:56:48:  GET /domains 200 in 13ms (compile: 1480µs, proxy.ts: 1549µs, render: 10ms)
2025-12-13 00:56:48:  GET /domains 200 in 16ms (compile: 1435µs, proxy.ts: 1613µs, render: 13ms)
2025-12-13 00:56:48:  GET /domains 200 in 13ms (compile: 1330µs, proxy.ts: 1369µs, render: 10ms)
2025-12-13 00:56:48:  GET /domains 200 in 13ms (compile: 1318µs, proxy.ts: 1439µs, render: 10ms)
2025-12-13 00:56:48:  GET /domains 200 in 19ms (compile: 5ms, proxy.ts: 4ms, render: 10ms)
2025-12-13 00:56:48:  GET /domains 200 in 14ms (compile: 1484µs, proxy.ts: 1514µs, render: 11ms)
2025-12-13 00:56:48:  GET /domains 200 in 16ms (compile: 1491µs, proxy.ts: 1466µs, render: 13ms)
2025-12-13 00:56:48:  GET /domains 200 in 18ms (compile: 1827µs, proxy.ts: 1659µs, render: 14ms)
2025-12-13 00:56:48:  GET /domains 200 in 17ms (compile: 3ms, proxy.ts: 1563µs, render: 13ms)
2025-12-13 00:56:48:  GET /domains 200 in 19ms (compile: 2ms, proxy.ts: 1687µs, render: 15ms)
2025-12-13 00:56:48:  GET /domains 200 in 16ms (compile: 1704µs, proxy.ts: 1677µs, render: 12ms)
2025-12-13 00:56:48:  GET /domains 200 in 15ms (compile: 1940µs, proxy.ts: 1980µs, render: 11ms)
2025-12-13 00:56:48:  GET /domains 200 in 17ms (compile: 1749µs, proxy.ts: 4ms, render: 11ms)
2025-12-13 00:56:50:  GET /domains 200 in 109ms (compile: 77ms, proxy.ts: 9ms, render: 23ms)
2025-12-13 00:56:50:  GET /domains 200 in 14ms (compile: 1597µs, proxy.ts: 1724µs, render: 10ms)
2025-12-13 00:56:50:  GET /domains 200 in 16ms (compile: 1445µs, proxy.ts: 1617µs, render: 13ms)
2025-12-13 00:56:50:  GET /domains 200 in 13ms (compile: 1428µs, proxy.ts: 1534µs, render: 10ms)
2025-12-13 00:56:50:  GET /domains 200 in 14ms (compile: 1386µs, proxy.ts: 1412µs, render: 12ms)
2025-12-13 00:56:50:  GET /domains 200 in 21ms (compile: 6ms, proxy.ts: 4ms, render: 11ms)
2025-12-13 00:56:50:  GET /domains 200 in 16ms (compile: 1517µs, proxy.ts: 1622µs, render: 12ms)
2025-12-13 00:56:50:  GET /domains 200 in 13ms (compile: 1410µs, proxy.ts: 1586µs, render: 10ms)
2025-12-13 00:56:50:  GET /domains 200 in 15ms (compile: 1360µs, proxy.ts: 1598µs, render: 12ms)
2025-12-13 00:56:50:  GET /domains 200 in 14ms (compile: 1560µs, proxy.ts: 1614µs, render: 10ms)
2025-12-13 00:56:50:  GET /domains 200 in 16ms (compile: 1417µs, proxy.ts: 1422µs, render: 13ms)
2025-12-13 00:56:50:  GET /domains 200 in 13ms (compile: 1454µs, proxy.ts: 1574µs, render: 10ms)
2025-12-13 00:56:50:  GET /domains 200 in 21ms (compile: 1392µs, proxy.ts: 1567µs, render: 18ms)
2025-12-13 00:56:50:  GET /domains 200 in 25ms (compile: 4ms, proxy.ts: 3ms, render: 18ms)
2025-12-13 00:56:50:  GET /domains 200 in 15ms (compile: 1511µs, proxy.ts: 2ms, render: 11ms)
2025-12-13 00:56:50:  GET /domains 200 in 13ms (compile: 1407µs, proxy.ts: 1606µs, render: 10ms)
2025-12-13 00:56:50:  GET /domains 200 in 15ms (compile: 1271µs, proxy.ts: 1868µs, render: 12ms)
2025-12-13 00:56:50:  GET /domains 200 in 13ms (compile: 1249µs, proxy.ts: 1395µs, render: 11ms)
2025-12-13 00:56:50:  GET /domains 200 in 15ms (compile: 3ms, proxy.ts: 1598µs, render: 10ms)
2025-12-13 00:56:50:  GET /domains 200 in 13ms (compile: 1347µs, proxy.ts: 1422µs, render: 11ms)
2025-12-13 00:56:50:  GET /domains 200 in 16ms (compile: 1615µs, proxy.ts: 4ms, render: 11ms)
2025-12-13 00:56:50:  GET /domains 200 in 16ms (compile: 1278µs, proxy.ts: 1424µs, render: 13ms)
2025-12-13 00:57:22:  ✓ Compiled in 996ms
2025-12-13 01:06:50:  ✓ Compiled in 561ms
2025-12-13 01:06:51:  GET /domains 200 in 869ms (compile: 318ms, proxy.ts: 88ms, render: 462ms)
2025-12-13 01:06:51:  GET /domains 200 in 781ms (compile: 262ms, proxy.ts: 5ms, render: 515ms)
2025-12-13 01:06:51: [API Proxy] GET http://localhost:3002/api/admin/menus
2025-12-13 01:06:51: [API Proxy] GET http://localhost:3002/api/admin/domains?page=1&limit=10
2025-12-13 01:06:52: [API Proxy] GET http://localhost:3002/api/admin/menus -> 200
2025-12-13 01:06:52:  GET /api/admin/menus 200 in 158ms (compile: 71ms, render: 88ms)
2025-12-13 01:06:52: [API Proxy] GET http://localhost:3002/api/admin/domains?page=1&limit=10 -> 200
2025-12-13 01:06:52:  GET /api/admin/domains?page=1&limit=10 200 in 170ms (compile: 94ms, render: 76ms)
2025-12-13 01:06:52: [API Proxy] GET http://localhost:3002/api/admin/domains?page=1&limit=10
2025-12-13 01:06:52: [API Proxy] GET http://localhost:3002/api/admin/domains?page=1&limit=10 -> 200
2025-12-13 01:06:52:  GET /api/admin/domains?page=1&limit=10 200 in 13ms (compile: 1799µs, render: 11ms)
2025-12-13 01:07:19:  GET /routes 200 in 366ms (compile: 325ms, proxy.ts: 13ms, render: 28ms)
2025-12-13 01:07:19: [API Proxy] GET http://localhost:3002/api/admin/routes?page=1&limit=10
2025-12-13 01:07:19: [API Proxy] GET http://localhost:3002/api/admin/routes?page=1&limit=10 -> 200
2025-12-13 01:07:19:  GET /api/admin/routes?page=1&limit=10 200 in 64ms (compile: 12ms, render: 52ms)
2025-12-13 01:07:19: [API Proxy] GET http://localhost:3002/api/admin/routes?page=1&limit=10
2025-12-13 01:07:19: [API Proxy] GET http://localhost:3002/api/admin/routes?page=1&limit=10 -> 200
2025-12-13 01:07:19:  GET /api/admin/routes?page=1&limit=10 200 in 20ms (compile: 3ms, render: 16ms)
2025-12-13 01:07:27: [API Proxy] GET http://localhost:3002/api/admin/domains/options
2025-12-13 01:07:27: [API Proxy] GET http://localhost:3002/api/admin/domains/options -> 200
2025-12-13 01:07:27:  GET /api/admin/domains/options 200 in 32ms (compile: 4ms, render: 28ms)
2025-12-13 01:07:51:  ✓ Compiled in 169ms
2025-12-13 01:07:58:  ✓ Compiled in 79ms
2025-12-13 01:08:01:  ✓ Compiled in 149ms
2025-12-13 01:08:05:  ✓ Compiled in 201ms
2025-12-13 01:08:11:  ✓ Compiled in 311ms
2025-12-13 01:08:13:  ✓ Compiled in 144ms
2025-12-13 01:12:23:  ✓ Compiled in 438ms
2025-12-13 01:12:25:  ✓ Compiled in 186ms
2025-12-13 01:13:01:  ✓ Compiled in 480ms
2025-12-13 01:13:02:  GET /routes 200 in 811ms (compile: 121ms, proxy.ts: 24ms, render: 666ms)
2025-12-13 01:13:03: [API Proxy] GET http://localhost:3002/api/admin/routes?page=1&limit=10
2025-12-13 01:13:03: [API Proxy] GET http://localhost:3002/api/admin/menus
2025-12-13 01:13:03: [API Proxy] GET http://localhost:3002/api/admin/menus -> 200
2025-12-13 01:13:03:  GET /api/admin/menus 200 in 60ms (compile: 36ms, render: 24ms)
2025-12-13 01:13:03: [API Proxy] GET http://localhost:3002/api/admin/routes?page=1&limit=10 -> 200
2025-12-13 01:13:03:  GET /api/admin/routes?page=1&limit=10 200 in 66ms (compile: 8ms, render: 58ms)
2025-12-13 01:13:03: [API Proxy] GET http://localhost:3002/api/admin/routes?page=1&limit=10
2025-12-13 01:13:03: [API Proxy] GET http://localhost:3002/api/admin/routes?page=1&limit=10 -> 200
2025-12-13 01:13:03:  GET /api/admin/routes?page=1&limit=10 200 in 14ms (compile: 4ms, render: 10ms)
2025-12-13 01:13:44:  ✓ Compiled in 165ms
2025-12-13 01:14:16: [API Proxy] GET http://localhost:3002/api/admin/domains/options
2025-12-13 01:14:16: [API Proxy] GET http://localhost:3002/api/admin/domains/options -> 200
2025-12-13 01:14:16:  GET /api/admin/domains/options 200 in 67ms (compile: 15ms, render: 52ms)
2025-12-13 01:14:23: [API Proxy] GET http://localhost:3002/api/admin/domains/options
2025-12-13 01:14:23: [API Proxy] GET http://localhost:3002/api/admin/domains/options -> 200
2025-12-13 01:14:23:  GET /api/admin/domains/options 200 in 19ms (compile: 7ms, render: 12ms)
2025-12-13 01:14:53:  ✓ Compiled in 246ms
2025-12-13 01:14:54: [API Proxy] GET http://localhost:3002/api/admin/domains/options
2025-12-13 01:14:54: [API Proxy] GET http://localhost:3002/api/admin/domains/options -> 200
2025-12-13 01:14:54:  GET /api/admin/domains/options 200 in 102ms (compile: 65ms, render: 37ms)
2025-12-13 01:15:01:  ✓ Compiled in 124ms
2025-12-13 01:15:03:  ✓ Compiled in 81ms
2025-12-13 01:15:06:  GET /routes 200 in 529ms (compile: 110ms, proxy.ts: 16ms, render: 403ms)
2025-12-13 01:15:06: [API Proxy] GET http://localhost:3002/api/admin/routes?page=1&limit=10
2025-12-13 01:15:06: [API Proxy] GET http://localhost:3002/api/admin/menus
2025-12-13 01:15:06: [API Proxy] GET http://localhost:3002/api/admin/menus -> 200
2025-12-13 01:15:06:  GET /api/admin/menus 200 in 48ms (compile: 20ms, render: 28ms)
2025-12-13 01:15:06: [API Proxy] GET http://localhost:3002/api/admin/routes?page=1&limit=10 -> 200
2025-12-13 01:15:06:  GET /api/admin/routes?page=1&limit=10 200 in 53ms (compile: 9ms, render: 43ms)
2025-12-13 01:15:07: [API Proxy] GET http://localhost:3002/api/admin/routes?page=1&limit=10
2025-12-13 01:15:07: [API Proxy] GET http://localhost:3002/api/admin/routes?page=1&limit=10 -> 200
2025-12-13 01:15:07:  GET /api/admin/routes?page=1&limit=10 200 in 35ms (compile: 2ms, render: 32ms)
2025-12-13 01:15:07: [API Proxy] GET http://localhost:3002/api/admin/domains/options
2025-12-13 01:15:07: [API Proxy] GET http://localhost:3002/api/admin/domains/options -> 200
2025-12-13 01:15:07:  GET /api/admin/domains/options 200 in 12ms (compile: 4ms, render: 8ms)
2025-12-13 01:15:54:  ✓ Compiled in 130ms
2025-12-13 01:15:57:  ✓ Compiled in 102ms
2025-12-13 01:16:23:  ✓ Compiled in 411ms
2025-12-13 01:16:32:  ✓ Compiled in 86ms
2025-12-13 01:17:38:  ✓ Compiled in 157ms
2025-12-13 01:19:44:  ✓ Compiled in 194ms
2025-12-13 01:20:00:  ✓ Compiled in 17ms
2025-12-13 01:20:04:  ✓ Compiled in 9ms
2025-12-13 01:20:07:  ✓ Compiled in 93ms
2025-12-13 01:20:10:  ✓ Compiled in 12ms
2025-12-13 01:20:12:  ✓ Compiled in 15ms
2025-12-13 01:20:13:  ✓ Compiled in 24ms
2025-12-13 01:20:15:  ✓ Compiled in 10ms
2025-12-13 01:20:15: [API Proxy] GET http://localhost:3002/api/admin/routes?page=1&limit=10
2025-12-13 01:20:15: [API Proxy] GET http://localhost:3002/api/admin/menus
2025-12-13 01:20:15: [API Proxy] GET http://localhost:3002/api/admin/domains/options
2025-12-13 01:20:15:  GET /routes 200 in 269ms (compile: 158ms, proxy.ts: 8ms, render: 102ms)
2025-12-13 01:20:15: [API Proxy] GET http://localhost:3002/api/admin/menus -> 200
2025-12-13 01:20:15:  GET /api/admin/menus 200 in 139ms (compile: 34ms, render: 105ms)
2025-12-13 01:20:15: [API Proxy] GET http://localhost:3002/api/admin/routes?page=1&limit=10 -> 200
2025-12-13 01:20:15:  GET /api/admin/routes?page=1&limit=10 200 in 144ms (compile: 16ms, render: 128ms)
2025-12-13 01:20:15: [API Proxy] GET http://localhost:3002/api/admin/domains/options -> 200
2025-12-13 01:20:15:  GET /api/admin/domains/options 200 in 119ms (compile: 13ms, render: 106ms)
2025-12-13 01:20:15: [API Proxy] GET http://localhost:3002/api/admin/menus
2025-12-13 01:20:15: [API Proxy] GET http://localhost:3002/api/admin/routes?page=1&limit=10
2025-12-13 01:20:15: [API Proxy] GET http://localhost:3002/api/admin/menus -> 200
2025-12-13 01:20:15:  GET /api/admin/menus 200 in 26ms (compile: 3ms, render: 23ms)
2025-12-13 01:20:15: [API Proxy] GET http://localhost:3002/api/admin/routes?page=1&limit=10 -> 200
2025-12-13 01:20:15:  GET /api/admin/routes?page=1&limit=10 200 in 31ms (compile: 8ms, render: 22ms)
2025-12-13 01:20:17: [API Proxy] GET http://localhost:3002/api/admin/domains/options
2025-12-13 01:20:17: [API Proxy] GET http://localhost:3002/api/admin/domains/options -> 200
2025-12-13 01:20:17:  GET /api/admin/domains/options 200 in 13ms (compile: 4ms, render: 9ms)
2025-12-13 01:20:17:  ✓ Compiled in 42ms
2025-12-13 01:20:20:  ✓ Compiled in 13ms
2025-12-13 01:20:20: [API Proxy] GET http://localhost:3002/api/admin/routes?page=1&limit=10
2025-12-13 01:20:20: [API Proxy] GET http://localhost:3002/api/admin/menus
2025-12-13 01:20:20: [API Proxy] GET http://localhost:3002/api/admin/menus -> 200
2025-12-13 01:20:20:  GET /api/admin/menus 200 in 107ms (compile: 13ms, render: 93ms)
2025-12-13 01:20:20: [API Proxy] GET http://localhost:3002/api/admin/routes?page=1&limit=10 -> 200
2025-12-13 01:20:20:  GET /api/admin/routes?page=1&limit=10 200 in 150ms (compile: 5ms, render: 145ms)
2025-12-13 01:20:20: [API Proxy] GET http://localhost:3002/api/admin/menus
2025-12-13 01:20:20: [API Proxy] GET http://localhost:3002/api/admin/menus -> 200
2025-12-13 01:20:20:  GET /api/admin/menus 200 in 13ms (compile: 4ms, render: 9ms)
2025-12-13 01:20:20: [API Proxy] GET http://localhost:3002/api/admin/routes?page=1&limit=10
2025-12-13 01:20:20: [API Proxy] GET http://localhost:3002/api/admin/routes?page=1&limit=10 -> 200
2025-12-13 01:20:20:  GET /api/admin/routes?page=1&limit=10 200 in 15ms (compile: 7ms, render: 8ms)
2025-12-13 01:20:24:  ✓ Compiled in 19ms
2025-12-13 01:20:30:  ✓ Compiled in 16ms
2025-12-13 01:21:13: [API Proxy] GET http://localhost:3002/api/admin/domains/options
2025-12-13 01:21:13: [API Proxy] GET http://localhost:3002/api/admin/domains/options -> 200
2025-12-13 01:21:13:  GET /api/admin/domains/options 200 in 56ms (compile: 18ms, render: 38ms)
2025-12-13 01:21:29:  GET /routes 200 in 479ms (compile: 87ms, proxy.ts: 5ms, render: 388ms)
2025-12-13 01:21:29: [API Proxy] GET http://localhost:3002/api/admin/routes?page=1&limit=10
2025-12-13 01:21:29: [API Proxy] GET http://localhost:3002/api/admin/routes?page=1&limit=10
2025-12-13 01:21:29: [API Proxy] GET http://localhost:3002/api/admin/menus
2025-12-13 01:21:29: [API Proxy] GET http://localhost:3002/api/admin/routes?page=1&limit=10 -> 200
2025-12-13 01:21:29:  GET /api/admin/routes?page=1&limit=10 200 in 32ms (compile: 5ms, render: 27ms)
2025-12-13 01:21:29: [API Proxy] GET http://localhost:3002/api/admin/menus -> 200
2025-12-13 01:21:29:  GET /api/admin/menus 200 in 34ms (compile: 17ms, render: 17ms)
2025-12-13 01:21:29: [API Proxy] GET http://localhost:3002/api/admin/routes?page=1&limit=10 -> 200
2025-12-13 01:21:29:  GET /api/admin/routes?page=1&limit=10 200 in 38ms (compile: 15ms, render: 23ms)
2025-12-13 01:22:21:  ✓ Compiled in 152ms
2025-12-13 01:22:28:  ✓ Compiled in 478ms
2025-12-13 01:22:34:  ✓ Compiled in 186ms
2025-12-13 01:22:35: [API Proxy] GET http://localhost:3002/api/admin/menus
2025-12-13 01:22:35: [API Proxy] GET http://localhost:3002/api/admin/routes?page=1&limit=20
2025-12-13 01:22:35:  GET /api/admin/menus 200 in 56ms (compile: 18ms, render: 37ms)
2025-12-13 01:22:35:  GET /api/admin/routes?page=1&limit=20 200 in 54ms (compile: 45ms, render: 9ms)
2025-12-13 01:22:35: [API Proxy] GET http://localhost:3002/api/admin/routes?page=1&limit=20
2025-12-13 01:22:35:  GET /routes 200 in 835ms (compile: 158ms, proxy.ts: 57ms, render: 620ms)
2025-12-13 01:22:35: [API Proxy] GET http://localhost:3002/api/admin/menus -> 200
2025-12-13 01:22:35: [API Proxy] GET http://localhost:3002/api/admin/routes?page=1&limit=20 -> 200
2025-12-13 01:22:35: [API Proxy] GET http://localhost:3002/api/admin/routes?page=1&limit=20 -> 200
2025-12-13 01:22:35: [API Proxy] GET http://localhost:3002/api/admin/routes?page=1&limit=20
2025-12-13 01:22:35: [API Proxy] GET http://localhost:3002/api/admin/routes?page=1&limit=20 -> 200
2025-12-13 01:22:35:  GET /api/admin/routes?page=1&limit=20 200 in 48ms (compile: 5ms, render: 43ms)
2025-12-13 01:22:35: [API Proxy] GET http://localhost:3002/api/admin/menus
2025-12-13 01:22:35: [API Proxy] GET http://localhost:3002/api/admin/routes?page=1&limit=20
2025-12-13 01:22:36: [API Proxy] GET http://localhost:3002/api/admin/menus -> 200
2025-12-13 01:22:36:  GET /api/admin/menus 200 in 199ms (compile: 17ms, render: 182ms)
2025-12-13 01:22:36: [API Proxy] GET http://localhost:3002/api/admin/routes?page=1&limit=20 -> 200
2025-12-13 01:22:36:  GET /api/admin/routes?page=1&limit=20 200 in 221ms (compile: 35ms, render: 186ms)
2025-12-13 01:22:40:  ✓ Compiled in 104ms
2025-12-13 01:22:45:  ✓ Compiled in 105ms
2025-12-13 01:22:59:  ✓ Compiled in 172ms
2025-12-13 01:23:41:  ✓ Compiled in 154ms
2025-12-13 01:23:56:  ✓ Compiled in 90ms
2025-12-13 01:24:14: [API Proxy] GET http://localhost:3002/api/admin/domains/options
2025-12-13 01:24:14: [API Proxy] GET http://localhost:3002/api/admin/domains/options -> 200
2025-12-13 01:24:14:  GET /api/admin/domains/options 200 in 158ms (compile: 15ms, render: 143ms)
2025-12-13 01:24:15: [API Proxy] GET http://localhost:3002/api/admin/domains/options
2025-12-13 01:24:15: [API Proxy] GET http://localhost:3002/api/admin/domains/options -> 200
2025-12-13 01:24:15:  GET /api/admin/domains/options 200 in 14ms (compile: 4ms, render: 10ms)
2025-12-13 01:24:36:  ✓ Compiled in 137ms
2025-12-13 01:24:38:  ✓ Compiled in 262ms
2025-12-13 01:24:45:  ✓ Compiled in 174ms
2025-12-13 01:27:05:  ✓ Compiled in 327ms
2025-12-13 01:27:05:  GET /routes 200 in 249ms (compile: 162ms, proxy.ts: 15ms, render: 73ms)
2025-12-13 01:29:42:  ✓ Compiled in 37ms
2025-12-13 01:29:42: [API Proxy] GET http://localhost:3002/api/admin/routes?page=1&limit=20
2025-12-13 01:29:42: [API Proxy] GET http://localhost:3002/api/admin/routes?page=1&limit=20
2025-12-13 01:29:42: [API Proxy] GET http://localhost:3002/api/admin/menus
2025-12-13 01:29:42: [API Proxy] GET http://localhost:3002/api/admin/menus
2025-12-13 01:29:42: [API Proxy] GET http://localhost:3002/api/admin/domains/options
2025-12-13 01:29:42: [API Proxy] GET http://localhost:3002/api/admin/menus -> 200
2025-12-13 01:29:42:  GET /api/admin/menus 200 in 41ms (compile: 13ms, render: 27ms)
2025-12-13 01:29:42: [API Proxy] GET http://localhost:3002/api/admin/menus -> 200
2025-12-13 01:29:42:  GET /api/admin/menus 200 in 35ms (compile: 11ms, render: 24ms)
2025-12-13 01:29:42: [API Proxy] GET http://localhost:3002/api/admin/routes?page=1&limit=20 -> 200
2025-12-13 01:29:42:  GET /api/admin/routes?page=1&limit=20 200 in 84ms (compile: 12ms, render: 72ms)
2025-12-13 01:29:42: [API Proxy] GET http://localhost:3002/api/admin/routes?page=1&limit=20 -> 200
2025-12-13 01:29:42:  GET /api/admin/routes?page=1&limit=20 200 in 84ms (compile: 31ms, render: 53ms)
2025-12-13 01:29:42: [API Proxy] GET http://localhost:3002/api/admin/domains/options -> 200
2025-12-13 01:29:42:  GET /api/admin/domains/options 200 in 35ms (compile: 4ms, render: 30ms)
2025-12-13 01:38:11:  ✓ Compiled in 251ms
2025-12-13 01:38:34:  ✓ Compiled in 163ms
2025-12-13 01:38:34: [API Proxy] GET http://localhost:3002/api/admin/routes?page=1&limit=20
2025-12-13 01:38:34: [API Proxy] GET http://localhost:3002/api/admin/routes?page=1&limit=20 -> 200
2025-12-13 01:38:34:  GET /api/admin/routes?page=1&limit=20 200 in 60ms (compile: 23ms, render: 37ms)
2025-12-13 01:39:40:  ✓ Compiled in 72ms
2025-12-13 01:39:41: [API Proxy] GET http://localhost:3002/api/admin/menus
2025-12-13 01:39:41: [API Proxy] GET http://localhost:3002/api/admin/routes?page=1&limit=20
2025-12-13 01:39:41:  GET /api/admin/menus 200 in 205ms (compile: 14ms, render: 191ms)
2025-12-13 01:39:41:  GET /api/admin/routes?page=1&limit=20 200 in 208ms (compile: 69ms, render: 139ms)
2025-12-13 01:39:41: [API Proxy] GET http://localhost:3002/api/admin/routes?page=1&limit=20
2025-12-13 01:39:41: [API Proxy] GET http://localhost:3002/api/admin/menus -> 200
2025-12-13 01:39:41:  GET /routes 200 in 1051ms (compile: 223ms, proxy.ts: 111ms, render: 716ms)
2025-12-13 01:39:41: [API Proxy] GET http://localhost:3002/api/admin/routes?page=1&limit=20 -> 200
2025-12-13 01:39:41: [API Proxy] GET http://localhost:3002/api/admin/routes?page=1&limit=20 -> 200
2025-12-13 01:39:42: [API Proxy] GET http://localhost:3002/api/admin/routes?page=1&limit=20
2025-12-13 01:39:42: [API Proxy] GET http://localhost:3002/api/admin/menus
2025-12-13 01:39:42: [API Proxy] GET http://localhost:3002/api/admin/routes?page=1&limit=20 -> 200
2025-12-13 01:39:42:  GET /api/admin/routes?page=1&limit=20 200 in 35ms (compile: 17ms, render: 18ms)
2025-12-13 01:39:42: [API Proxy] GET http://localhost:3002/api/admin/menus -> 200
2025-12-13 01:39:42:  GET /api/admin/menus 200 in 23ms (compile: 1734µs, render: 22ms)
2025-12-13 01:39:42: [API Proxy] GET http://localhost:3002/api/admin/routes?page=1&limit=20
2025-12-13 01:39:42: [API Proxy] GET http://localhost:3002/api/admin/routes?page=1&limit=20 -> 200
2025-12-13 01:39:42:  GET /api/admin/routes?page=1&limit=20 200 in 47ms (compile: 4ms, render: 44ms)
2025-12-13 01:39:46:  ✓ Compiled in 145ms
2025-12-13 01:39:47:  GET /routes 200 in 592ms (compile: 159ms, proxy.ts: 40ms, render: 394ms)
2025-12-13 01:39:48: [API Proxy] GET http://localhost:3002/api/admin/routes?page=1&limit=20
2025-12-13 01:39:48: [API Proxy] GET http://localhost:3002/api/admin/menus
2025-12-13 01:39:48: [API Proxy] GET http://localhost:3002/api/admin/routes?page=1&limit=20
2025-12-13 01:39:48: [API Proxy] GET http://localhost:3002/api/admin/menus -> 200
2025-12-13 01:39:48:  GET /api/admin/menus 200 in 51ms (compile: 23ms, render: 28ms)
2025-12-13 01:39:48: [API Proxy] GET http://localhost:3002/api/admin/routes?page=1&limit=20 -> 200
2025-12-13 01:39:48:  GET /api/admin/routes?page=1&limit=20 200 in 54ms (compile: 14ms, render: 40ms)
2025-12-13 01:39:48: [API Proxy] GET http://localhost:3002/api/admin/routes?page=1&limit=20 -> 200
2025-12-13 01:39:48:  GET /api/admin/routes?page=1&limit=20 200 in 29ms (compile: 1744µs, render: 28ms)
2025-12-13 01:40:06:  ✓ Compiled in 275ms
2025-12-13 01:40:07:  GET /routes 200 in 536ms (compile: 99ms, proxy.ts: 14ms, render: 422ms)
2025-12-13 01:40:07: [API Proxy] GET http://localhost:3002/api/admin/routes?page=1&limit=20
2025-12-13 01:40:07: [API Proxy] GET http://localhost:3002/api/admin/menus
2025-12-13 01:40:07: [API Proxy] GET http://localhost:3002/api/admin/menus -> 200
2025-12-13 01:40:07:  GET /api/admin/menus 200 in 30ms (compile: 11ms, render: 19ms)
2025-12-13 01:40:07: [API Proxy] GET http://localhost:3002/api/admin/routes?page=1&limit=20
2025-12-13 01:40:07: [API Proxy] GET http://localhost:3002/api/admin/routes?page=1&limit=20 -> 200
2025-12-13 01:40:08:  GET /api/admin/routes?page=1&limit=20 200 in 86ms (compile: 6ms, render: 81ms)
2025-12-13 01:40:08: [API Proxy] GET http://localhost:3002/api/admin/routes?page=1&limit=20 -> 200
2025-12-13 01:40:08:  GET /api/admin/routes?page=1&limit=20 200 in 56ms (compile: 4ms, render: 52ms)
2025-12-13 01:43:43:  ✓ Compiled in 283ms
2025-12-13 01:43:46:  ✓ Compiled in 99ms
2025-12-13 01:43:59:  ✓ Compiled in 174ms
2025-12-13 01:44:09:  ✓ Compiled in 543ms
2025-12-13 01:44:10:  GET /routes 200 in 551ms (compile: 104ms, proxy.ts: 21ms, render: 427ms)
2025-12-13 01:44:10:  ✓ Compiled in 0ms
2025-12-13 01:44:10:  GET /routes 200 in 72ms (compile: 9ms, proxy.ts: 5ms, render: 57ms)
2025-12-13 01:44:10:  GET /routes 200 in 62ms (compile: 1984µs, proxy.ts: 21ms, render: 39ms)
2025-12-13 01:44:11: [API Proxy] GET http://localhost:3002/api/admin/routes?page=1&limit=20
2025-12-13 01:44:11: [API Proxy] GET http://localhost:3002/api/admin/menus
2025-12-13 01:44:11: [API Proxy] GET http://localhost:3002/api/admin/routes?page=1&limit=20
2025-12-13 01:44:11: [API Proxy] GET http://localhost:3002/api/admin/menus -> 200
2025-12-13 01:44:11:  GET /api/admin/menus 200 in 24ms (compile: 7ms, render: 18ms)
2025-12-13 01:44:11: [API Proxy] GET http://localhost:3002/api/admin/routes?page=1&limit=20 -> 200
2025-12-13 01:44:11:  GET /api/admin/routes?page=1&limit=20 200 in 82ms (compile: 12ms, render: 70ms)
2025-12-13 01:44:11: [API Proxy] GET http://localhost:3002/api/admin/routes?page=1&limit=20 -> 200
2025-12-13 01:44:11:  GET /api/admin/routes?page=1&limit=20 200 in 20ms (compile: 2ms, render: 18ms)
2025-12-13 01:44:13:  ✓ Compiled in 198ms
2025-12-13 01:44:20:  ✓ Compiled in 107ms
2025-12-13 01:44:43:  ✓ Compiled in 162ms
2025-12-13 01:45:07:  GET /routes 200 in 618ms (compile: 153ms, proxy.ts: 34ms, render: 431ms)
2025-12-13 01:45:08: [API Proxy] GET http://localhost:3002/api/admin/routes?page=1&limit=20
2025-12-13 01:45:08: [API Proxy] GET http://localhost:3002/api/admin/menus
2025-12-13 01:45:08: [API Proxy] GET http://localhost:3002/api/admin/routes?page=1&limit=20
2025-12-13 01:45:08: [API Proxy] GET http://localhost:3002/api/admin/menus -> 200
2025-12-13 01:45:08:  GET /api/admin/menus 200 in 15ms (compile: 1649µs, render: 13ms)
2025-12-13 01:45:08: [API Proxy] GET http://localhost:3002/api/admin/routes?page=1&limit=20 -> 200
2025-12-13 01:45:08:  GET /api/admin/routes?page=1&limit=20 200 in 33ms (compile: 8ms, render: 25ms)
2025-12-13 01:45:08: [API Proxy] GET http://localhost:3002/api/admin/routes?page=1&limit=20 -> 200
2025-12-13 01:45:08:  GET /api/admin/routes?page=1&limit=20 200 in 16ms (compile: 2ms, render: 14ms)
2025-12-13 01:45:09:  GET /domains 200 in 91ms (compile: 68ms, proxy.ts: 1983µs, render: 20ms)
2025-12-13 01:45:09: [API Proxy] GET http://localhost:3002/api/admin/domains?page=1&limit=20
2025-12-13 01:45:09: [API Proxy] GET http://localhost:3002/api/admin/domains?page=1&limit=20
2025-12-13 01:45:09: [API Proxy] GET http://localhost:3002/api/admin/domains?page=1&limit=20 -> 200
2025-12-13 01:45:09:  GET /api/admin/domains?page=1&limit=20 200 in 22ms (compile: 5ms, render: 17ms)
2025-12-13 01:45:09: [API Proxy] GET http://localhost:3002/api/admin/domains?page=1&limit=20 -> 200
2025-12-13 01:45:09:  GET /api/admin/domains?page=1&limit=20 200 in 17ms (compile: 2ms, render: 15ms)
2025-12-13 01:46:08:  ✓ Compiled in 199ms
2025-12-13 01:46:23:  GET /routes 200 in 157ms (compile: 104ms, proxy.ts: 19ms, render: 34ms)
2025-12-13 01:46:23: [API Proxy] GET http://localhost:3002/api/admin/routes?page=1&limit=20
2025-12-13 01:46:23: [API Proxy] GET http://localhost:3002/api/admin/routes?page=1&limit=20
2025-12-13 01:46:23: [API Proxy] GET http://localhost:3002/api/admin/routes?page=1&limit=20 -> 200
2025-12-13 01:46:23:  GET /api/admin/routes?page=1&limit=20 200 in 105ms (compile: 16ms, render: 89ms)
2025-12-13 01:46:23: [API Proxy] GET http://localhost:3002/api/admin/routes?page=1&limit=20 -> 200
2025-12-13 01:46:23:  GET /api/admin/routes?page=1&limit=20 200 in 103ms (compile: 29ms, render: 74ms)
2025-12-13 01:46:23:  GET /routes 200 in 34ms (compile: 4ms, proxy.ts: 3ms, render: 27ms)
2025-12-13 01:46:26: [API Proxy] GET http://localhost:3002/api/admin/domains/options
2025-12-13 01:46:26: [API Proxy] GET http://localhost:3002/api/admin/domains/options -> 200
2025-12-13 01:46:26:  GET /api/admin/domains/options 200 in 22ms (compile: 3ms, render: 19ms)
2025-12-13 01:46:46:  ✓ Compiled in 312ms
2025-12-13 01:47:26:  ✓ Compiled in 288ms
2025-12-13 01:47:27: [API Proxy] GET http://localhost:3002/api/admin/domains/options
2025-12-13 01:47:27:  GET /routes 200 in 347ms (compile: 208ms, proxy.ts: 11ms, render: 129ms)
2025-12-13 01:47:27: [API Proxy] GET http://localhost:3002/api/admin/domains/options -> 200
2025-12-13 01:47:27:  GET /api/admin/domains/options 200 in 73ms (compile: 11ms, render: 62ms)
2025-12-13 01:47:27:  GET /routes 200 in 52ms (compile: 7ms, proxy.ts: 4ms, render: 41ms)
2025-12-13 01:47:27:  GET /routes 200 in 97ms (compile: 1217µs, proxy.ts: 5ms, render: 91ms)
2025-12-13 01:47:27:  GET /routes 200 in 57ms (compile: 5ms, proxy.ts: 3ms, render: 49ms)
2025-12-13 01:47:27:  GET /routes 200 in 19ms (compile: 1928µs, proxy.ts: 1706µs, render: 15ms)
2025-12-13 01:47:56:  GET /routes 200 in 469ms (compile: 10ms, proxy.ts: 37ms, render: 422ms)
2025-12-13 01:47:57: [API Proxy] GET http://localhost:3002/api/admin/routes?page=1&limit=20
2025-12-13 01:47:57: [API Proxy] GET http://localhost:3002/api/admin/menus
2025-12-13 01:47:57: [API Proxy] GET http://localhost:3002/api/admin/routes?page=1&limit=20
2025-12-13 01:47:57: [API Proxy] GET http://localhost:3002/api/admin/menus -> 200
2025-12-13 01:47:57:  GET /api/admin/menus 200 in 43ms (compile: 13ms, render: 30ms)
2025-12-13 01:47:57: [API Proxy] GET http://localhost:3002/api/admin/routes?page=1&limit=20 -> 200
2025-12-13 01:47:57:  GET /api/admin/routes?page=1&limit=20 200 in 49ms (compile: 6ms, render: 42ms)
2025-12-13 01:47:57: [API Proxy] GET http://localhost:3002/api/admin/routes?page=1&limit=20 -> 200
2025-12-13 01:47:57:  GET /api/admin/routes?page=1&limit=20 200 in 22ms (compile: 2ms, render: 20ms)
2025-12-13 01:47:58: [API Proxy] GET http://localhost:3002/api/admin/domains/options
2025-12-13 01:47:58: [API Proxy] GET http://localhost:3002/api/admin/domains/options -> 200
2025-12-13 01:47:58:  GET /api/admin/domains/options 200 in 13ms (compile: 4ms, render: 9ms)
