2025-12-13 00:18:43: node:events:492
2025-12-13 00:18:43:       throw er; // Unhandled 'error' event
2025-12-13 00:18:43:       ^
2025-12-13 00:18:43: 
2025-12-13 00:18:43: Error: listen EADDRINUSE: address already in use :::3001
2025-12-13 00:18:43:     at __node_internal_captureLargerStackTrace (node:internal/errors:563:5)
2025-12-13 00:18:43:     at __node_internal_uvExceptionWithHostPort (node:internal/errors:660:12)
2025-12-13 00:18:43:     at Server.setupListenHandle [as _listen2] (node:net:1872:16)
2025-12-13 00:18:43:     at listenInCluster (node:net:1920:12)
2025-12-13 00:18:43:     at Server.listen (node:net:2008:7)
2025-12-13 00:18:43:     at Function.listen (/Users/iamgx/panda/webbox-nextjs/node_modules/express/lib/application.js:635:24)
2025-12-13 00:18:43:     at startServer (/Users/iamgx/panda/webbox-nextjs/packages/render-service/src/index.ts:126:9)
2025-12-13 00:18:43:     at process.processTicksAndRejections (node:internal/process/task_queues:95:5)
2025-12-13 00:18:43: Emitted 'error' event on Server instance at:
2025-12-13 00:18:43:     at emitErrorNT (node:net:1899:8)
2025-12-13 00:18:43:     at process.processTicksAndRejections (node:internal/process/task_queues:82:21) {
2025-12-13 00:18:43:   code: 'EADDRINUSE',
2025-12-13 00:18:43:   errno: -48,
2025-12-13 00:18:43:   syscall: 'listen',
2025-12-13 00:18:43:   address: '::',
2025-12-13 00:18:43:   port: 3001
2025-12-13 00:18:43: }
2025-12-13 00:18:43: 
2025-12-13 00:18:43: Node.js v20.10.0
2025-12-13 00:22:19: npm
2025-12-13 00:22:19:  ERR! Lifecycle script `dev` failed with error: 
2025-12-13 00:22:19: npm ERR! Error: command failed 
2025-12-13 00:22:19:    in workspace: @webbox/render-service@0.1.0 
2025-12-13 00:22:19: npm ERR! 
2025-12-13 00:22:19:   at location: /Users/iamgx/panda/webbox-nextjs/packages/render-service 
2025-12-13 00:40:01: node:events:492
2025-12-13 00:40:01:       throw er; // Unhandled 'error' event
2025-12-13 00:40:01:       ^
2025-12-13 00:40:01: 
2025-12-13 00:40:01: Error: listen EADDRINUSE: address already in use :::3001
2025-12-13 00:40:01:     at __node_internal_captureLargerStackTrace (node:internal/errors:563:5)
2025-12-13 00:40:01:     at __node_internal_uvExceptionWithHostPort (node:internal/errors:660:12)
2025-12-13 00:40:01:     at Server.setupListenHandle [as _listen2] (node:net:1872:16)
2025-12-13 00:40:01:     at listenInCluster (node:net:1920:12)
2025-12-13 00:40:01:     at Server.listen (node:net:2008:7)
2025-12-13 00:40:01:     at Function.listen (/Users/iamgx/panda/webbox-nextjs/node_modules/express/lib/application.js:635:24)
2025-12-13 00:40:01:     at startServer (/Users/iamgx/panda/webbox-nextjs/packages/render-service/src/index.ts:126:9)
2025-12-13 00:40:01:     at process.processTicksAndRejections (node:internal/process/task_queues:95:5)
2025-12-13 00:40:01: Emitted 'error' event on Server instance at:
2025-12-13 00:40:01:     at emitErrorNT (node:net:1899:8)
2025-12-13 00:40:01:     at process.processTicksAndRejections (node:internal/process/task_queues:82:21) {
2025-12-13 00:40:01:   code: 'EADDRINUSE',
2025-12-13 00:40:01:   errno: -48,
2025-12-13 00:40:01:   syscall: 'listen',
2025-12-13 00:40:01:   address: '::',
2025-12-13 00:40:01:   port: 3001
2025-12-13 00:40:01: }
2025-12-13 00:40:01: 
2025-12-13 00:40:01: Node.js v20.10.0
